

Processing FooController#bar (for 127.0.0.1 at 2010-01-19 17:20:13) [GET]
Rendering foo/bar
Completed in 23ms (View: 21, DB: 0) | 200 OK [http://localhost/foo/bar]


Processing FooController#bar (for 127.0.0.1 at 2010-01-19 17:20:15) [GET]
Rendering foo/bar
Completed in 2ms (View: 0, DB: 0) | 200 OK [http://localhost/foo/bar]


Processing FooController#bar (for 127.0.0.1 at 2010-01-19 17:20:43) [GET]
Rendering template within layouts/application
Rendering foo/bar
Completed in 13ms (View: 12, DB: 0) | 200 OK [http://localhost/foo/bar]


Processing FooController#bar (for 127.0.0.1 at 2010-01-19 17:20:48) [GET]
Rendering template within layouts/application
Rendering foo/bar
Completed in 6ms (View: 5, DB: 0) | 200 OK [http://localhost/foo/bar]


Processing FooController#bar (for 127.0.0.1 at 2010-01-19 17:21:31) [GET]
Rendering template within layouts/application
Rendering foo/bar
Completed in 58ms (View: 56, DB: 0) | 200 OK [http://localhost/foo/bar]


Processing FooController#bar (for 127.0.0.1 at 2010-01-19 17:22:31) [GET]
Rendering template within layouts/application
Rendering foo/bar

ActionView::TemplateError (No expansion found for :masterstyle) on line #4 of app/views/layouts/application.html.erb:
1: <html>
2: <head>
3: 	<title>Theme Test App</title>
4: 	<%= stylesheet_link_tag :masterstyle, :cache => true %>
5: </head>
6: <body>
7: 	<%= yield %>

    app/views/layouts/application.html.erb:4

Rendered rescues/_trace (39.6ms)
Rendered rescues/_request_and_response (1.5ms)
Rendering rescues/layout (internal_server_error)


Processing FooController#bar (for 127.0.0.1 at 2010-01-19 17:23:17) [GET]
Rendering template within layouts/application
Rendering foo/bar
Completed in 6ms (View: 4, DB: 0) | 200 OK [http://localhost/foo/bar]


Processing FooController#bar (for 127.0.0.1 at 2010-01-19 17:24:05) [GET]
Rendering template within layouts/application
Rendering foo/bar

ActionView::TemplateError (No expansion found for :all) on line #4 of app/views/layouts/application.html.erb:
1: <html>
2: <head>
3: 	<title>Theme Test App</title>
4: 	<%= stylesheet_link_tag "masterstyle", :all, :cache => true %>
5: </head>
6: <body>
7: 	<%= yield %>

    app/views/layouts/application.html.erb:4

Rendered rescues/_trace (105.6ms)
Rendered rescues/_request_and_response (0.3ms)
Rendering rescues/layout (internal_server_error)


Processing FooController#bar (for 127.0.0.1 at 2010-01-19 17:24:27) [GET]
Rendering template within layouts/application
Rendering foo/bar
Completed in 6ms (View: 4, DB: 0) | 200 OK [http://localhost/foo/bar]


Processing ApplicationController#index (for 127.0.0.1 at 2010-01-19 17:24:27) [GET]

ActionController::RoutingError (No route matches "/stylesheets/masterstyle.css" with {:method=>:get}):
  

Rendering rescues/layout (not_found)


Processing FooController#bar (for 127.0.0.1 at 2010-01-19 17:25:10) [GET]
Rendering template within layouts/application
Rendering foo/bar
Completed in 2ms (View: 1, DB: 0) | 200 OK [http://localhost/foo/bar]


Processing FooController#bar (for 127.0.0.1 at 2010-01-19 17:25:29) [GET]
Rendering template within layouts/application
Rendering foo/bar
Completed in 2ms (View: 1, DB: 0) | 200 OK [http://localhost/foo/bar]


Processing FooController#bar (for 127.0.0.1 at 2010-01-19 17:26:09) [GET]
Rendering template within layouts/application
Rendering foo/bar
Completed in 2ms (View: 1, DB: 0) | 200 OK [http://localhost/foo/bar]


Processing FooController#bar (for 127.0.0.1 at 2010-01-19 17:27:16) [GET]

NoMethodError (undefined method `test_theme' for #<FooController:0x23ced88>):
  



Processing ApplicationController#bar (for 127.0.0.1 at 2010-01-19 17:27:16) [GET]

NoMethodError (undefined method `test_theme' for #<FooController:0x23ced88>):
  

Rendered rescues/_trace (25.1ms)
Rendered rescues/_request_and_response (0.3ms)
Rendering rescues/layout (internal_server_error)


Processing ApplicationController#index (for 127.0.0.1 at 2010-01-19 17:27:27) [GET]

ActionController::RoutingError (No route matches "/radius_users/list" with {:method=>:get}):
  

Rendering rescues/layout (not_found)


Processing FooController#bar (for 127.0.0.1 at 2010-01-19 17:27:32) [GET]
Rendering template within layouts/application
Rendering foo/bar
Completed in 8ms (View: 6, DB: 0) | 200 OK [http://localhost/foo/bar]


Processing FooController#bar (for 127.0.0.1 at 2010-01-19 17:28:11) [GET]
Rendering template within layouts/application
Rendering foo/bar
Completed in 12ms (View: 11, DB: 0) | 200 OK [http://localhost/foo/bar]


Processing FooController#bar (for 127.0.0.1 at 2010-01-19 17:28:12) [GET]
Rendering template within layouts/application
Rendering foo/bar
Completed in 2ms (View: 1, DB: 0) | 200 OK [http://localhost/foo/bar]


Processing FooController#bar (for 127.0.0.1 at 2010-01-19 17:28:12) [GET]
Rendering template within layouts/application
Rendering foo/bar
Completed in 2ms (View: 1, DB: 0) | 200 OK [http://localhost/foo/bar]


Processing FooController#bar (for 127.0.0.1 at 2010-01-19 17:28:12) [GET]
Rendering template within layouts/application
Rendering foo/bar
Completed in 2ms (View: 1, DB: 0) | 200 OK [http://localhost/foo/bar]


Processing FooController#bar (for 127.0.0.1 at 2010-01-19 17:28:12) [GET]
Rendering template within layouts/application
Rendering foo/bar
Completed in 2ms (View: 1, DB: 0) | 200 OK [http://localhost/foo/bar]


Processing FooController#bar (for 127.0.0.1 at 2010-01-19 17:28:13) [GET]
Rendering template within layouts/application
Rendering foo/bar
Completed in 2ms (View: 1, DB: 0) | 200 OK [http://localhost/foo/bar]


Processing FooController#bar (for 127.0.0.1 at 2010-01-19 17:28:13) [GET]
Rendering template within layouts/application
Rendering foo/bar
Completed in 2ms (View: 1, DB: 0) | 200 OK [http://localhost/foo/bar]


Processing FooController#bar (for 127.0.0.1 at 2010-01-19 17:28:13) [GET]
Rendering template within layouts/application
Rendering foo/bar
Completed in 2ms (View: 1, DB: 0) | 200 OK [http://localhost/foo/bar]


Processing FooController#bar (for 127.0.0.1 at 2010-01-19 17:28:13) [GET]
Rendering template within layouts/application
Rendering foo/bar
Completed in 2ms (View: 1, DB: 0) | 200 OK [http://localhost/foo/bar]


Processing FooController#bar (for 127.0.0.1 at 2010-01-19 17:28:13) [GET]
Rendering template within layouts/application
Rendering foo/bar
Completed in 2ms (View: 1, DB: 0) | 200 OK [http://localhost/foo/bar]


Processing FooController#bar (for 127.0.0.1 at 2010-01-19 17:28:13) [GET]
Rendering template within layouts/application
Rendering foo/bar
Completed in 2ms (View: 1, DB: 0) | 200 OK [http://localhost/foo/bar]


Processing FooController#bar (for 127.0.0.1 at 2010-01-19 17:28:14) [GET]
Rendering template within layouts/application
Rendering foo/bar
Completed in 2ms (View: 1, DB: 0) | 200 OK [http://localhost/foo/bar]


Processing FooController#bar (for 127.0.0.1 at 2010-01-19 17:28:14) [GET]
Rendering template within layouts/application
Rendering foo/bar
Completed in 2ms (View: 1, DB: 0) | 200 OK [http://localhost/foo/bar]


Processing FooController#bar (for 127.0.0.1 at 2010-01-19 17:28:14) [GET]
Rendering template within layouts/application
Rendering foo/bar
Completed in 2ms (View: 1, DB: 0) | 200 OK [http://localhost/foo/bar]


Processing FooController#bar (for 127.0.0.1 at 2010-01-19 17:28:14) [GET]
Rendering template within layouts/application
Rendering foo/bar
Completed in 2ms (View: 1, DB: 0) | 200 OK [http://localhost/foo/bar]


Processing FooController#bar (for 127.0.0.1 at 2010-01-19 17:28:15) [GET]
Rendering template within layouts/application
Rendering foo/bar
Completed in 3ms (View: 1, DB: 0) | 200 OK [http://localhost/foo/bar]


Processing FooController#bar (for 127.0.0.1 at 2010-01-19 17:28:15) [GET]
Rendering template within layouts/application
Rendering foo/bar
Completed in 3ms (View: 1, DB: 0) | 200 OK [http://localhost/foo/bar]


Processing FooController#bar (for 127.0.0.1 at 2010-01-19 17:28:15) [GET]
Rendering template within layouts/application
Rendering foo/bar
Completed in 3ms (View: 1, DB: 0) | 200 OK [http://localhost/foo/bar]


Processing FooController#bar (for 127.0.0.1 at 2010-01-19 17:28:36) [GET]
Rendering template within layouts/application
Rendering foo/bar
Completed in 12ms (View: 10, DB: 0) | 200 OK [http://localhost/foo/bar]


Processing FooController#bar (for 127.0.0.1 at 2010-01-19 17:28:37) [GET]
Rendering template within layouts/application
Rendering foo/bar
Completed in 9ms (View: 8, DB: 0) | 200 OK [http://localhost/foo/bar]


Processing FooController#bar (for 127.0.0.1 at 2010-01-19 17:28:38) [GET]
Rendering template within layouts/application
Rendering foo/bar
Completed in 10ms (View: 8, DB: 0) | 200 OK [http://localhost/foo/bar]


Processing FooController#bar (for 127.0.0.1 at 2010-01-19 17:28:38) [GET]
Rendering template within layouts/application
Rendering foo/bar
Completed in 8ms (View: 7, DB: 0) | 200 OK [http://localhost/foo/bar]


Processing FooController#bar (for 127.0.0.1 at 2010-01-19 17:28:38) [GET]
Rendering template within layouts/application
Rendering foo/bar
Completed in 7ms (View: 6, DB: 0) | 200 OK [http://localhost/foo/bar]


Processing FooController#bar (for 127.0.0.1 at 2010-01-19 17:28:38) [GET]
Rendering template within layouts/application
Rendering foo/bar
Completed in 8ms (View: 6, DB: 0) | 200 OK [http://localhost/foo/bar]


Processing FooController#bar (for 127.0.0.1 at 2010-01-19 17:28:44) [GET]
Rendering template within layouts/application
Rendering foo/bar
Completed in 8ms (View: 6, DB: 0) | 200 OK [http://localhost/foo/bar]


Processing FooController#bar (for 127.0.0.1 at 2010-01-19 17:30:34) [GET]
Rendering template within layouts/application
Rendering foo/bar
Completed in 12ms (View: 11, DB: 0) | 200 OK [http://localhost/foo/bar]


Processing FooController#bar (for 127.0.0.1 at 2010-01-19 17:31:19) [GET]
Rendering template within layouts/application
Rendering foo/bar
Completed in 12ms (View: 11, DB: 0) | 200 OK [http://localhost/foo/bar]


Processing FooController#bar (for 127.0.0.1 at 2010-01-19 17:31:22) [GET]
Rendering template within layouts/application
Rendering foo/bar
Completed in 9ms (View: 8, DB: 0) | 200 OK [http://localhost/foo/bar]


Processing FooController#bar (for 127.0.0.1 at 2010-01-19 17:31:35) [GET]
Rendering template within layouts/application
Rendering foo/bar
Completed in 9ms (View: 8, DB: 0) | 200 OK [http://localhost/foo/bar]


Processing FooController#bar (for 127.0.0.1 at 2010-01-19 17:33:00) [GET]
Rendering template within layouts/application
Rendering foo/bar
Completed in 9ms (View: 8, DB: 0) | 200 OK [http://localhost/foo/bar]


Processing FooController#bar (for 127.0.0.1 at 2010-01-19 17:34:16) [GET]
Rendering template within layouts/application
Rendering foo/bar
Completed in 12ms (View: 11, DB: 0) | 200 OK [http://localhost/foo/bar]


Processing FooController#bar (for 127.0.0.1 at 2010-01-19 17:34:18) [GET]
Rendering template within layouts/application
Rendering foo/bar
Completed in 9ms (View: 8, DB: 0) | 200 OK [http://localhost/foo/bar]


Processing FooController#bar (for 127.0.0.1 at 2010-01-19 17:34:19) [GET]
Rendering template within layouts/application
Rendering foo/bar
Completed in 9ms (View: 7, DB: 0) | 200 OK [http://localhost/foo/bar]


Processing FooController#bar (for 127.0.0.1 at 2010-01-19 17:34:19) [GET]
Rendering template within layouts/application
Rendering foo/bar
Completed in 9ms (View: 8, DB: 0) | 200 OK [http://localhost/foo/bar]


Processing FooController#bar (for 127.0.0.1 at 2010-01-19 17:34:20) [GET]
Rendering template within layouts/application
Rendering foo/bar
Completed in 8ms (View: 6, DB: 0) | 200 OK [http://localhost/foo/bar]


Processing FooController#bar (for 127.0.0.1 at 2010-01-19 17:34:20) [GET]
Rendering template within layouts/application
Rendering foo/bar
Completed in 8ms (View: 6, DB: 0) | 200 OK [http://localhost/foo/bar]


Processing FooController#bar (for 127.0.0.1 at 2010-01-19 17:34:20) [GET]
Rendering template within layouts/application
Rendering foo/bar
Completed in 8ms (View: 6, DB: 0) | 200 OK [http://localhost/foo/bar]


Processing FooController#bar (for 127.0.0.1 at 2010-01-19 17:35:41) [GET]
Rendering template within layouts/application
Rendering foo/bar
Completed in 12ms (View: 10, DB: 0) | 200 OK [http://localhost/foo/bar]


Processing FooController#bar (for 127.0.0.1 at 2010-01-19 17:35:42) [GET]
Rendering template within layouts/application
Rendering foo/bar
Completed in 2ms (View: 1, DB: 0) | 200 OK [http://localhost/foo/bar]


Processing FooController#bar (for 127.0.0.1 at 2010-01-19 17:36:02) [GET]
Rendering template within layouts/application
Rendering foo/bar
Completed in 6ms (View: 5, DB: 0) | 200 OK [http://localhost/foo/bar]


Processing FooController#bar (for 127.0.0.1 at 2010-01-19 17:36:20) [GET]
Rendering template within layouts/application
Rendering foo/bar
Completed in 10ms (View: 9, DB: 0) | 200 OK [http://localhost/foo/bar]


Processing FooController#bar (for 127.0.0.1 at 2010-01-19 17:37:49) [GET]
Rendering template within layouts/application
Rendering foo/bar
Completed in 144ms (View: 143, DB: 0) | 200 OK [http://localhost/foo/bar]


Processing ApplicationController#index (for 127.0.0.1 at 2010-01-19 17:37:50) [GET]

ActionController::RoutingError (No route matches "/themes/default_theme/stylesheets/style.css" with {:method=>:get}):
  

Rendering rescues/layout (not_found)


Processing FooController#bar (for 127.0.0.1 at 2010-01-19 17:38:06) [GET]
Rendering template within layouts/application
Rendering foo/bar
Completed in 8ms (View: 7, DB: 0) | 200 OK [http://localhost/foo/bar]


Processing ApplicationController#index (for 127.0.0.1 at 2010-01-19 17:38:06) [GET]

ActionController::RoutingError (No route matches "/themes/default_theme/stylesheets/style.css" with {:method=>:get}):
  

Rendering rescues/layout (not_found)


Processing FooController#bar (for 127.0.0.1 at 2010-01-19 17:38:52) [GET]
Rendering template within layouts/application
Rendering foo/bar
Completed in 8ms (View: 7, DB: 0) | 200 OK [http://localhost/foo/bar]


Processing ApplicationController#index (for 127.0.0.1 at 2010-01-19 17:38:52) [GET]

ActionController::RoutingError (No route matches "/themes/default_theme/stylesheets/style.css" with {:method=>:get}):
  

Rendering rescues/layout (not_found)


Processing FooController#bar (for 127.0.0.1 at 2010-01-19 17:39:22) [GET]
Rendering template within layouts/application
Rendering foo/bar
Completed in 8ms (View: 6, DB: 0) | 200 OK [http://localhost/foo/bar]


Processing FooController#bar (for 127.0.0.1 at 2010-01-19 17:39:57) [GET]
Rendering template within layouts/application
Rendering foo/bar
Completed in 10ms (View: 8, DB: 0) | 200 OK [http://localhost/foo/bar]


Processing FooController#bar (for 127.0.0.1 at 2010-01-19 17:40:03) [GET]
Rendering template within layouts/application
Rendering foo/bar
Completed in 9ms (View: 8, DB: 0) | 200 OK [http://localhost/foo/bar]


Processing FooController#bar (for 127.0.0.1 at 2010-01-19 17:40:17) [GET]
Rendering template within layouts/application
Rendering foo/bar
Completed in 9ms (View: 8, DB: 0) | 200 OK [http://localhost/foo/bar]


Processing FooController#bar (for 127.0.0.1 at 2010-01-19 17:40:29) [GET]
Rendering template within layouts/application
Rendering foo/bar
Completed in 9ms (View: 8, DB: 0) | 200 OK [http://localhost/foo/bar]


Processing FooController#bar (for 127.0.0.1 at 2010-01-19 17:40:30) [GET]
Rendering template within layouts/application
Rendering foo/bar
Completed in 72ms (View: 71, DB: 0) | 200 OK [http://localhost/foo/bar]


Processing FooController#bar (for 127.0.0.1 at 2010-01-19 17:40:34) [GET]
Rendering template within layouts/application
Rendering foo/bar
Completed in 8ms (View: 7, DB: 0) | 200 OK [http://localhost/foo/bar]


Processing ApplicationController#bar (for 127.0.0.1 at 2010-01-19 17:40:48) [GET]

NameError (undefined local variable or method `get_theme' for FooController:Class):
  app/controllers/foo_controller.rb:2

Rendered rescues/_trace (27.1ms)
Rendered rescues/_request_and_response (1.4ms)
Rendering rescues/layout (internal_server_error)


Processing FooController#bar (for 127.0.0.1 at 2010-01-19 17:41:00) [GET]
Rendering template within layouts/application
Rendering foo/bar
Completed in 8ms (View: 7, DB: 0) | 200 OK [http://localhost/foo/bar]


Processing FooController#bar (for 127.0.0.1 at 2010-01-19 17:41:48) [GET]
Rendering template within layouts/application
Rendering foo/bar
Completed in 8ms (View: 7, DB: 0) | 200 OK [http://localhost/foo/bar]


Processing FooController#bar (for 127.0.0.1 at 2010-01-19 17:41:48) [GET]
Rendering template within layouts/application
Rendering foo/bar
Completed in 8ms (View: 6, DB: 0) | 200 OK [http://localhost/foo/bar]


Processing FooController#bar (for 127.0.0.1 at 2010-01-19 17:41:49) [GET]
Rendering template within layouts/application
Rendering foo/bar
Completed in 8ms (View: 7, DB: 0) | 200 OK [http://localhost/foo/bar]


Processing ApplicationController#index (for 127.0.0.1 at 2010-01-19 17:41:49) [GET]

ActionController::RoutingError (No route matches "/themes/default_theme/stylesheets/test_theme.css" with {:method=>:get}):
  

Rendering rescues/layout (not_found)


Processing FooController#bar (for 127.0.0.1 at 2010-01-19 17:41:50) [GET]
Rendering template within layouts/application
Rendering foo/bar
Completed in 8ms (View: 7, DB: 0) | 200 OK [http://localhost/foo/bar]


Processing FooController#bar (for 127.0.0.1 at 2010-01-19 17:41:50) [GET]
Rendering template within layouts/application
Rendering foo/bar
Completed in 9ms (View: 7, DB: 0) | 200 OK [http://localhost/foo/bar]


Processing FooController#bar (for 127.0.0.1 at 2010-01-19 17:41:51) [GET]
Rendering template within layouts/application
Rendering foo/bar
Completed in 8ms (View: 7, DB: 0) | 200 OK [http://localhost/foo/bar]


Processing ApplicationController#index (for 127.0.0.1 at 2010-01-19 17:41:51) [GET]

ActionController::RoutingError (No route matches "/themes/test_theme/stylesheets/default_theme.css" with {:method=>:get}):
  

Rendering rescues/layout (not_found)


Processing FooController#bar (for 127.0.0.1 at 2010-01-19 17:42:07) [GET]
Rendering template within layouts/application
Rendering foo/bar
Completed in 8ms (View: 7, DB: 0) | 200 OK [http://localhost/foo/bar]


Processing ApplicationController#index (for 127.0.0.1 at 2010-01-19 17:42:07) [GET]

ActionController::RoutingError (No route matches "/themes/default_theme/stylesheets/test_theme.css" with {:method=>:get}):
  

Rendering rescues/layout (not_found)


Processing FooController#bar (for 127.0.0.1 at 2010-01-19 17:42:08) [GET]
Rendering template within layouts/application
Rendering foo/bar
Completed in 8ms (View: 6, DB: 0) | 200 OK [http://localhost/foo/bar]


Processing ApplicationController#index (for 127.0.0.1 at 2010-01-19 17:42:08) [GET]

ActionController::RoutingError (No route matches "/themes/default_theme/stylesheets/test_theme.css" with {:method=>:get}):
  

Rendering rescues/layout (not_found)


Processing FooController#bar (for 127.0.0.1 at 2010-01-19 17:42:08) [GET]
Rendering template within layouts/application
Rendering foo/bar
Completed in 8ms (View: 7, DB: 0) | 200 OK [http://localhost/foo/bar]


Processing FooController#bar (for 127.0.0.1 at 2010-01-19 17:42:11) [GET]
Rendering template within layouts/application
Rendering foo/bar
Completed in 8ms (View: 6, DB: 0) | 200 OK [http://localhost/foo/bar]


Processing ApplicationController#index (for 127.0.0.1 at 2010-01-19 17:42:11) [GET]

ActionController::RoutingError (No route matches "/themes/test_theme/stylesheets/default_theme.css" with {:method=>:get}):
  

Rendering rescues/layout (not_found)


Processing FooController#bar (for 127.0.0.1 at 2010-01-19 17:42:11) [GET]
Rendering template within layouts/application
Rendering foo/bar
Completed in 10ms (View: 9, DB: 0) | 200 OK [http://localhost/foo/bar]


Processing FooController#bar (for 127.0.0.1 at 2010-01-19 17:42:12) [GET]
Rendering template within layouts/application
Rendering foo/bar
Completed in 9ms (View: 7, DB: 0) | 200 OK [http://localhost/foo/bar]


Processing ApplicationController#index (for 127.0.0.1 at 2010-01-19 17:42:12) [GET]

ActionController::RoutingError (No route matches "/themes/default_theme/stylesheets/test_theme.css" with {:method=>:get}):
  

Rendering rescues/layout (not_found)


Processing FooController#bar (for 127.0.0.1 at 2010-01-19 17:42:12) [GET]
Rendering template within layouts/application
Rendering foo/bar
Completed in 9ms (View: 8, DB: 0) | 200 OK [http://localhost/foo/bar]


Processing FooController#bar (for 127.0.0.1 at 2010-01-19 17:42:23) [GET]
Rendering template within layouts/application
Rendering foo/bar
Completed in 21ms (View: 20, DB: 0) | 200 OK [http://localhost/foo/bar]


Processing FooController#bar (for 127.0.0.1 at 2010-01-19 17:42:24) [GET]
Rendering template within layouts/application
Rendering foo/bar
Completed in 9ms (View: 8, DB: 0) | 200 OK [http://localhost/foo/bar]


Processing FooController#bar (for 127.0.0.1 at 2010-01-19 17:42:25) [GET]
Rendering template within layouts/application
Rendering foo/bar
Completed in 10ms (View: 9, DB: 0) | 200 OK [http://localhost/foo/bar]


Processing FooController#bar (for 127.0.0.1 at 2010-01-19 17:42:25) [GET]
Rendering template within layouts/application
Rendering foo/bar
Completed in 9ms (View: 8, DB: 0) | 200 OK [http://localhost/foo/bar]


Processing ApplicationController#index (for 127.0.0.1 at 2010-01-19 17:42:25) [GET]

ActionController::RoutingError (No route matches "/themes/default_theme/stylesheets/test_theme.css" with {:method=>:get}):
  

Rendering rescues/layout (not_found)


Processing FooController#bar (for 127.0.0.1 at 2010-01-19 17:42:37) [GET]
Rendering template within layouts/application
Rendering foo/bar
Completed in 9ms (View: 7, DB: 0) | 200 OK [http://localhost/foo/bar]


Processing ApplicationController#index (for 127.0.0.1 at 2010-01-19 17:42:37) [GET]

ActionController::RoutingError (No route matches "/themes/test_theme/stylesheets/default_theme.css" with {:method=>:get}):
  

Rendering rescues/layout (not_found)


Processing FooController#bar (for 127.0.0.1 at 2010-01-19 17:42:38) [GET]
Rendering template within layouts/application
Rendering foo/bar
Completed in 8ms (View: 7, DB: 0) | 200 OK [http://localhost/foo/bar]


Processing ApplicationController#index (for 127.0.0.1 at 2010-01-19 17:42:38) [GET]

ActionController::RoutingError (No route matches "/themes/default_theme/stylesheets/test_theme.css" with {:method=>:get}):
  

Rendering rescues/layout (not_found)


Processing FooController#bar (for 127.0.0.1 at 2010-01-19 17:42:39) [GET]
Rendering template within layouts/application
Rendering foo/bar
Completed in 9ms (View: 8, DB: 0) | 200 OK [http://localhost/foo/bar]


Processing ApplicationController#index (for 127.0.0.1 at 2010-01-19 17:42:39) [GET]

ActionController::RoutingError (No route matches "/themes/test_theme/stylesheets/default_theme.css" with {:method=>:get}):
  

Rendering rescues/layout (not_found)


Processing FooController#bar (for 127.0.0.1 at 2010-01-19 17:42:39) [GET]
Rendering template within layouts/application
Rendering foo/bar
Completed in 9ms (View: 7, DB: 0) | 200 OK [http://localhost/foo/bar]


Processing ApplicationController#index (for 127.0.0.1 at 2010-01-19 17:42:39) [GET]

ActionController::RoutingError (No route matches "/themes/test_theme/stylesheets/default_theme.css" with {:method=>:get}):
  

Rendering rescues/layout (not_found)


Processing FooController#bar (for 127.0.0.1 at 2010-01-19 17:42:40) [GET]
Rendering template within layouts/application
Rendering foo/bar
Completed in 9ms (View: 8, DB: 0) | 200 OK [http://localhost/foo/bar]


Processing ApplicationController#index (for 127.0.0.1 at 2010-01-19 17:42:40) [GET]

ActionController::RoutingError (No route matches "/themes/default_theme/stylesheets/test_theme.css" with {:method=>:get}):
  

Rendering rescues/layout (not_found)


Processing FooController#bar (for 127.0.0.1 at 2010-01-19 17:42:41) [GET]
Rendering template within layouts/application
Rendering foo/bar
Completed in 10ms (View: 9, DB: 0) | 200 OK [http://localhost/foo/bar]


Processing FooController#bar (for 127.0.0.1 at 2010-01-19 17:42:41) [GET]
Rendering template within layouts/application
Rendering foo/bar
Completed in 71ms (View: 70, DB: 0) | 200 OK [http://localhost/foo/bar]


Processing ApplicationController#index (for 127.0.0.1 at 2010-01-19 17:42:41) [GET]

ActionController::RoutingError (No route matches "/themes/test_theme/stylesheets/default_theme.css" with {:method=>:get}):
  

Rendering rescues/layout (not_found)


Processing FooController#bar (for 127.0.0.1 at 2010-01-19 17:42:42) [GET]
Rendering template within layouts/application
Rendering foo/bar
Completed in 9ms (View: 8, DB: 0) | 200 OK [http://localhost/foo/bar]


Processing FooController#bar (for 127.0.0.1 at 2010-01-19 17:42:42) [GET]
Rendering template within layouts/application
Rendering foo/bar
Completed in 10ms (View: 9, DB: 0) | 200 OK [http://localhost/foo/bar]


Processing FooController#bar (for 127.0.0.1 at 2010-01-19 17:42:43) [GET]
Rendering template within layouts/application
Rendering foo/bar
Completed in 8ms (View: 7, DB: 0) | 200 OK [http://localhost/foo/bar]


Processing FooController#bar (for 127.0.0.1 at 2010-01-19 17:42:43) [GET]
Rendering template within layouts/application
Rendering foo/bar
Completed in 8ms (View: 7, DB: 0) | 200 OK [http://localhost/foo/bar]


Processing ApplicationController#index (for 127.0.0.1 at 2010-01-19 17:42:43) [GET]

ActionController::RoutingError (No route matches "/themes/default_theme/stylesheets/test_theme.css" with {:method=>:get}):
  

Rendering rescues/layout (not_found)


Processing FooController#bar (for 127.0.0.1 at 2010-01-19 17:42:44) [GET]
Rendering template within layouts/application
Rendering foo/bar
Completed in 8ms (View: 6, DB: 0) | 200 OK [http://localhost/foo/bar]


Processing ApplicationController#index (for 127.0.0.1 at 2010-01-19 17:42:44) [GET]

ActionController::RoutingError (No route matches "/themes/test_theme/stylesheets/default_theme.css" with {:method=>:get}):
  

Rendering rescues/layout (not_found)


Processing FooController#bar (for 127.0.0.1 at 2010-01-19 17:42:45) [GET]
Rendering template within layouts/application
Rendering foo/bar
Completed in 9ms (View: 7, DB: 0) | 200 OK [http://localhost/foo/bar]


Processing FooController#bar (for 127.0.0.1 at 2010-01-19 17:42:45) [GET]
Rendering template within layouts/application
Rendering foo/bar
Completed in 8ms (View: 7, DB: 0) | 200 OK [http://localhost/foo/bar]


Processing ApplicationController#index (for 127.0.0.1 at 2010-01-19 17:42:45) [GET]

ActionController::RoutingError (No route matches "/themes/default_theme/stylesheets/test_theme.css" with {:method=>:get}):
  

Rendering rescues/layout (not_found)


Processing FooController#bar (for 127.0.0.1 at 2010-01-19 17:42:46) [GET]
Rendering template within layouts/application
Rendering foo/bar
Completed in 8ms (View: 6, DB: 0) | 200 OK [http://localhost/foo/bar]


Processing ApplicationController#index (for 127.0.0.1 at 2010-01-19 17:42:46) [GET]

ActionController::RoutingError (No route matches "/themes/test_theme/stylesheets/default_theme.css" with {:method=>:get}):
  

Rendering rescues/layout (not_found)


Processing FooController#bar (for 127.0.0.1 at 2010-01-19 17:42:46) [GET]
Rendering template within layouts/application
Rendering foo/bar
Completed in 11ms (View: 8, DB: 0) | 200 OK [http://localhost/foo/bar]


Processing FooController#bar (for 127.0.0.1 at 2010-01-19 17:42:47) [GET]
Rendering template within layouts/application
Rendering foo/bar
Completed in 8ms (View: 7, DB: 0) | 200 OK [http://localhost/foo/bar]


Processing FooController#bar (for 127.0.0.1 at 2010-01-19 17:42:47) [GET]
Rendering template within layouts/application
Rendering foo/bar
Completed in 9ms (View: 7, DB: 0) | 200 OK [http://localhost/foo/bar]


Processing FooController#bar (for 127.0.0.1 at 2010-01-19 17:42:47) [GET]
Rendering template within layouts/application
Rendering foo/bar
Completed in 8ms (View: 7, DB: 0) | 200 OK [http://localhost/foo/bar]


Processing FooController#bar (for 127.0.0.1 at 2010-01-19 17:42:48) [GET]
Rendering template within layouts/application
Rendering foo/bar
Completed in 9ms (View: 7, DB: 0) | 200 OK [http://localhost/foo/bar]


Processing FooController#bar (for 127.0.0.1 at 2010-01-19 17:42:49) [GET]
Rendering template within layouts/application
Rendering foo/bar
Completed in 9ms (View: 8, DB: 0) | 200 OK [http://localhost/foo/bar]


Processing FooController#bar (for 127.0.0.1 at 2010-01-19 17:42:49) [GET]
Rendering template within layouts/application
Rendering foo/bar
Completed in 8ms (View: 7, DB: 0) | 200 OK [http://localhost/foo/bar]


Processing ApplicationController#index (for 127.0.0.1 at 2010-01-19 17:42:49) [GET]

ActionController::RoutingError (No route matches "/themes/default_theme/stylesheets/test_theme.css" with {:method=>:get}):
  

Rendering rescues/layout (not_found)


Processing FooController#bar (for 127.0.0.1 at 2010-01-19 17:43:16) [GET]
Rendering template within layouts/application
Rendering foo/bar
Completed in 8ms (View: 6, DB: 0) | 200 OK [http://localhost/foo/bar]


Processing FooController#bar (for 127.0.0.1 at 2010-01-19 17:43:16) [GET]
Rendering template within layouts/application
Rendering foo/bar
Completed in 8ms (View: 6, DB: 0) | 200 OK [http://localhost/foo/bar]


Processing FooController#bar (for 127.0.0.1 at 2010-01-19 17:43:16) [GET]
Rendering template within layouts/application
Rendering foo/bar
Completed in 8ms (View: 6, DB: 0) | 200 OK [http://localhost/foo/bar]


Processing FooController#bar (for 127.0.0.1 at 2010-01-19 17:43:17) [GET]
Rendering template within layouts/application
Rendering foo/bar
Completed in 8ms (View: 7, DB: 0) | 200 OK [http://localhost/foo/bar]


Processing FooController#bar (for 127.0.0.1 at 2010-01-19 17:43:17) [GET]
Rendering template within layouts/application
Rendering foo/bar
Completed in 8ms (View: 7, DB: 0) | 200 OK [http://localhost/foo/bar]


Processing FooController#bar (for 127.0.0.1 at 2010-01-19 17:43:17) [GET]
Rendering template within layouts/application
Rendering foo/bar
Completed in 11ms (View: 10, DB: 0) | 200 OK [http://localhost/foo/bar]


Processing FooController#bar (for 127.0.0.1 at 2010-01-19 17:43:18) [GET]
Rendering template within layouts/application
Rendering foo/bar
Completed in 8ms (View: 7, DB: 0) | 200 OK [http://localhost/foo/bar]


Processing FooController#bar (for 127.0.0.1 at 2010-01-19 17:43:18) [GET]
Rendering template within layouts/application
Rendering foo/bar
Completed in 8ms (View: 7, DB: 0) | 200 OK [http://localhost/foo/bar]


Processing FooController#bar (for 127.0.0.1 at 2010-01-19 17:43:18) [GET]
Rendering template within layouts/application
Rendering foo/bar
Completed in 8ms (View: 7, DB: 0) | 200 OK [http://localhost/foo/bar]


Processing FooController#bar (for 127.0.0.1 at 2010-01-19 17:43:18) [GET]
Rendering template within layouts/application
Rendering foo/bar
Completed in 8ms (View: 7, DB: 0) | 200 OK [http://localhost/foo/bar]


Processing FooController#bar (for 127.0.0.1 at 2010-01-19 17:43:19) [GET]
Rendering template within layouts/application
Rendering foo/bar
Completed in 8ms (View: 7, DB: 0) | 200 OK [http://localhost/foo/bar]


Processing FooController#bar (for 127.0.0.1 at 2010-01-19 17:43:19) [GET]
Rendering template within layouts/application
Rendering foo/bar
Completed in 8ms (View: 7, DB: 0) | 200 OK [http://localhost/foo/bar]


Processing FooController#bar (for 127.0.0.1 at 2010-01-19 17:43:19) [GET]
Rendering template within layouts/application
Rendering foo/bar
Completed in 8ms (View: 6, DB: 0) | 200 OK [http://localhost/foo/bar]


Processing FooController#bar (for 127.0.0.1 at 2010-01-19 17:43:20) [GET]
Rendering template within layouts/application
Rendering foo/bar
Completed in 8ms (View: 7, DB: 0) | 200 OK [http://localhost/foo/bar]


Processing FooController#bar (for 127.0.0.1 at 2010-01-19 17:43:20) [GET]
Rendering template within layouts/application
Rendering foo/bar
Completed in 9ms (View: 7, DB: 0) | 200 OK [http://localhost/foo/bar]


Processing FooController#bar (for 127.0.0.1 at 2010-01-19 17:43:21) [GET]
Rendering template within layouts/application
Rendering foo/bar
Completed in 9ms (View: 7, DB: 0) | 200 OK [http://localhost/foo/bar]


Processing FooController#bar (for 127.0.0.1 at 2010-01-19 17:43:22) [GET]
Rendering template within layouts/application
Rendering foo/bar
Completed in 8ms (View: 7, DB: 0) | 200 OK [http://localhost/foo/bar]


Processing FooController#bar (for 127.0.0.1 at 2010-01-19 17:43:22) [GET]
Rendering template within layouts/application
Rendering foo/bar
Completed in 8ms (View: 7, DB: 0) | 200 OK [http://localhost/foo/bar]


Processing FooController#bar (for 127.0.0.1 at 2010-01-19 17:43:23) [GET]
Rendering template within layouts/application
Rendering foo/bar
Completed in 8ms (View: 7, DB: 0) | 200 OK [http://localhost/foo/bar]


Processing FooController#bar (for 127.0.0.1 at 2010-01-19 17:43:23) [GET]
Rendering template within layouts/application
Rendering foo/bar
Completed in 8ms (View: 7, DB: 0) | 200 OK [http://localhost/foo/bar]


Processing FooController#bar (for 127.0.0.1 at 2010-01-19 17:43:24) [GET]
Rendering template within layouts/application
Rendering foo/bar
Completed in 8ms (View: 7, DB: 0) | 200 OK [http://localhost/foo/bar]


Processing FooController#bar (for 127.0.0.1 at 2010-01-19 17:43:31) [GET]
Rendering template within layouts/application
Rendering foo/bar
Completed in 8ms (View: 7, DB: 0) | 200 OK [http://localhost/foo/bar]


Processing FooController#bar (for 127.0.0.1 at 2010-01-19 17:43:32) [GET]
Rendering template within layouts/application
Rendering foo/bar
Completed in 8ms (View: 7, DB: 0) | 200 OK [http://localhost/foo/bar]


Processing FooController#bar (for 127.0.0.1 at 2010-01-19 17:43:32) [GET]
Rendering template within layouts/application
Rendering foo/bar
Completed in 10ms (View: 8, DB: 0) | 200 OK [http://localhost/foo/bar]


Processing FooController#bar (for 127.0.0.1 at 2010-01-19 17:43:33) [GET]
Rendering template within layouts/application
Rendering foo/bar
Completed in 9ms (View: 7, DB: 0) | 200 OK [http://localhost/foo/bar]


Processing FooController#bar (for 127.0.0.1 at 2010-01-19 17:43:33) [GET]
Rendering template within layouts/application
Rendering foo/bar
Completed in 8ms (View: 7, DB: 0) | 200 OK [http://localhost/foo/bar]


Processing FooController#bar (for 127.0.0.1 at 2010-01-19 17:43:34) [GET]
Rendering template within layouts/application
Rendering foo/bar
Completed in 9ms (View: 8, DB: 0) | 200 OK [http://localhost/foo/bar]


Processing FooController#bar (for 127.0.0.1 at 2010-01-19 17:43:34) [GET]
Rendering template within layouts/application
Rendering foo/bar
Completed in 8ms (View: 7, DB: 0) | 200 OK [http://localhost/foo/bar]


Processing FooController#bar (for 127.0.0.1 at 2010-01-19 17:43:35) [GET]
Rendering template within layouts/application
Rendering foo/bar
Completed in 8ms (View: 6, DB: 0) | 200 OK [http://localhost/foo/bar]


Processing FooController#bar (for 127.0.0.1 at 2010-01-19 17:43:35) [GET]
Rendering template within layouts/application
Rendering foo/bar
Completed in 8ms (View: 7, DB: 0) | 200 OK [http://localhost/foo/bar]


Processing FooController#bar (for 127.0.0.1 at 2010-01-19 17:43:36) [GET]
Rendering template within layouts/application
Rendering foo/bar
Completed in 8ms (View: 7, DB: 0) | 200 OK [http://localhost/foo/bar]


Processing FooController#bar (for 127.0.0.1 at 2010-01-19 17:43:36) [GET]
Rendering template within layouts/application
Rendering foo/bar
Completed in 9ms (View: 8, DB: 0) | 200 OK [http://localhost/foo/bar]


Processing FooController#bar (for 127.0.0.1 at 2010-01-19 17:43:37) [GET]
Rendering template within layouts/application
Rendering foo/bar
Completed in 8ms (View: 7, DB: 0) | 200 OK [http://localhost/foo/bar]


Processing FooController#bar (for 127.0.0.1 at 2010-01-19 17:43:37) [GET]
Rendering template within layouts/application
Rendering foo/bar
Completed in 8ms (View: 7, DB: 0) | 200 OK [http://localhost/foo/bar]


Processing FooController#bar (for 127.0.0.1 at 2010-01-19 17:43:38) [GET]
Rendering template within layouts/application
Rendering foo/bar
Completed in 8ms (View: 7, DB: 0) | 200 OK [http://localhost/foo/bar]


Processing FooController#bar (for 127.0.0.1 at 2010-01-19 17:43:38) [GET]
Rendering template within layouts/application
Rendering foo/bar
Completed in 72ms (View: 71, DB: 0) | 200 OK [http://localhost/foo/bar]


Processing FooController#bar (for 127.0.0.1 at 2010-01-19 17:43:39) [GET]
Rendering template within layouts/application
Rendering foo/bar
Completed in 8ms (View: 7, DB: 0) | 200 OK [http://localhost/foo/bar]


Processing FooController#bar (for 127.0.0.1 at 2010-01-19 17:43:39) [GET]
Rendering template within layouts/application
Rendering foo/bar
Completed in 8ms (View: 7, DB: 0) | 200 OK [http://localhost/foo/bar]


Processing FooController#bar (for 127.0.0.1 at 2010-01-19 17:43:42) [GET]
Rendering template within layouts/application
Rendering foo/bar
Completed in 9ms (View: 8, DB: 0) | 200 OK [http://localhost/foo/bar]


Processing FooController#bar (for 127.0.0.1 at 2010-01-19 17:43:42) [GET]
Rendering template within layouts/application
Rendering foo/bar
Completed in 8ms (View: 7, DB: 0) | 200 OK [http://localhost/foo/bar]


Processing FooController#bar (for 127.0.0.1 at 2010-01-19 17:46:30) [GET]
Rendering template within layouts/application
Rendering foo/bar
Completed in 8ms (View: 7, DB: 0) | 200 OK [http://localhost/foo/bar]


Processing FooController#bar (for 127.0.0.1 at 2010-01-19 17:46:30) [GET]
Rendering template within layouts/application
Rendering foo/bar
Completed in 8ms (View: 7, DB: 0) | 200 OK [http://localhost/foo/bar]


Processing FooController#bar (for 127.0.0.1 at 2010-01-19 17:46:31) [GET]
Rendering template within layouts/application
Rendering foo/bar
Completed in 9ms (View: 7, DB: 0) | 200 OK [http://localhost/foo/bar]


Processing FooController#bar (for 127.0.0.1 at 2010-01-19 17:46:31) [GET]
Rendering template within layouts/application
Rendering foo/bar
Completed in 8ms (View: 7, DB: 0) | 200 OK [http://localhost/foo/bar]


Processing FooController#bar (for 127.0.0.1 at 2010-01-19 17:46:32) [GET]
Rendering template within layouts/application
Rendering foo/bar
Completed in 8ms (View: 7, DB: 0) | 200 OK [http://localhost/foo/bar]


Processing FooController#bar (for 127.0.0.1 at 2010-01-19 17:46:32) [GET]
Rendering template within layouts/application
Rendering foo/bar
Completed in 8ms (View: 6, DB: 0) | 200 OK [http://localhost/foo/bar]


Processing FooController#bar (for 127.0.0.1 at 2010-01-19 17:46:33) [GET]
Rendering template within layouts/application
Rendering foo/bar
Completed in 71ms (View: 69, DB: 0) | 200 OK [http://localhost/foo/bar]


Processing FooController#bar (for 127.0.0.1 at 2010-01-19 17:46:33) [GET]
Rendering template within layouts/application
Rendering foo/bar
Completed in 10ms (View: 8, DB: 0) | 200 OK [http://localhost/foo/bar]


Processing FooController#bar (for 127.0.0.1 at 2010-01-19 17:46:40) [GET]
Rendering template within layouts/application
Rendering foo/bar
Completed in 8ms (View: 7, DB: 0) | 200 OK [http://localhost/foo/bar]


Processing FooController#bar (for 127.0.0.1 at 2010-01-19 17:46:41) [GET]
Rendering template within layouts/application
Rendering foo/bar
Completed in 9ms (View: 7, DB: 0) | 200 OK [http://localhost/foo/bar]


Processing FooController#bar (for 127.0.0.1 at 2010-01-19 17:46:41) [GET]
Rendering template within layouts/application
Rendering foo/bar
Completed in 8ms (View: 6, DB: 0) | 200 OK [http://localhost/foo/bar]


Processing FooController#bar (for 127.0.0.1 at 2010-01-19 17:46:42) [GET]
Rendering template within layouts/application
Rendering foo/bar
Completed in 8ms (View: 6, DB: 0) | 200 OK [http://localhost/foo/bar]


Processing FooController#bar (for 127.0.0.1 at 2010-01-19 17:46:43) [GET]
Rendering template within layouts/application
Rendering foo/bar
Completed in 8ms (View: 6, DB: 0) | 200 OK [http://localhost/foo/bar]


Processing FooController#bar (for 127.0.0.1 at 2010-01-19 18:01:46) [GET]
Rendering template within layouts/application
Rendering foo/bar
Completed in 44ms (View: 43, DB: 0) | 200 OK [http://localhost/foo/bar]


Processing FooController#bar (for 127.0.0.1 at 2010-01-19 18:01:46) [GET]
Rendering template within layouts/application
Rendering foo/bar
Completed in 9ms (View: 8, DB: 0) | 200 OK [http://localhost/foo/bar]


Processing FooController#bar (for 127.0.0.1 at 2010-01-19 18:01:47) [GET]
Rendering template within layouts/application
Rendering foo/bar
Completed in 9ms (View: 8, DB: 0) | 200 OK [http://localhost/foo/bar]


Processing FooController#bar (for 127.0.0.1 at 2010-01-19 18:01:47) [GET]
Rendering template within layouts/application
Rendering foo/bar
Completed in 8ms (View: 7, DB: 0) | 200 OK [http://localhost/foo/bar]


Processing FooController#bar (for 127.0.0.1 at 2010-01-19 18:01:49) [GET]
Rendering template within layouts/application
Rendering foo/bar
Completed in 9ms (View: 8, DB: 0) | 200 OK [http://localhost/foo/bar]


Processing FooController#bar (for 127.0.0.1 at 2010-01-19 18:01:49) [GET]
Rendering template within layouts/application
Rendering foo/bar
Completed in 8ms (View: 7, DB: 0) | 200 OK [http://localhost/foo/bar]


Processing FooController#bar (for 127.0.0.1 at 2010-01-19 18:01:49) [GET]
Rendering template within layouts/application
Rendering foo/bar
Completed in 9ms (View: 8, DB: 0) | 200 OK [http://localhost/foo/bar]


Processing FooController#bar (for 127.0.0.1 at 2010-01-19 18:02:10) [GET]
Rendering template within layouts/application
Rendering foo/bar
Completed in 21ms (View: 20, DB: 0) | 200 OK [http://localhost/foo/bar]


Processing FooController#bar (for 127.0.0.1 at 2010-01-19 18:02:11) [GET]
Rendering template within layouts/application
Rendering foo/bar
Completed in 10ms (View: 8, DB: 0) | 200 OK [http://localhost/foo/bar]


Processing FooController#bar (for 127.0.0.1 at 2010-01-19 18:02:11) [GET]
Rendering template within layouts/application
Rendering foo/bar
Completed in 9ms (View: 8, DB: 0) | 200 OK [http://localhost/foo/bar]


Processing FooController#bar (for 127.0.0.1 at 2010-01-19 18:02:12) [GET]
Rendering template within layouts/application
Rendering foo/bar
Completed in 9ms (View: 7, DB: 0) | 200 OK [http://localhost/foo/bar]


Processing FooController#bar (for 127.0.0.1 at 2010-01-19 18:02:12) [GET]
Rendering template within layouts/application
Rendering foo/bar
Completed in 8ms (View: 7, DB: 0) | 200 OK [http://localhost/foo/bar]


Processing FooController#bar (for 127.0.0.1 at 2010-01-19 18:02:12) [GET]
Rendering template within layouts/application
Rendering foo/bar
Completed in 9ms (View: 8, DB: 0) | 200 OK [http://localhost/foo/bar]


Processing FooController#bar (for 127.0.0.1 at 2010-01-19 18:02:12) [GET]
Rendering template within layouts/application
Rendering foo/bar
Completed in 8ms (View: 7, DB: 0) | 200 OK [http://localhost/foo/bar]


Processing FooController#bar (for 127.0.0.1 at 2010-01-19 18:02:19) [GET]
Rendering template within layouts/application
Rendering foo/bar
Completed in 22ms (View: 20, DB: 0) | 200 OK [http://localhost/foo/bar]


Processing FooController#bar (for 127.0.0.1 at 2010-01-19 18:02:20) [GET]
Rendering template within layouts/application
Rendering foo/bar
Completed in 9ms (View: 8, DB: 0) | 200 OK [http://localhost/foo/bar]


Processing FooController#bar (for 127.0.0.1 at 2010-01-19 18:02:20) [GET]
Rendering template within layouts/application
Rendering foo/bar
Completed in 10ms (View: 9, DB: 0) | 200 OK [http://localhost/foo/bar]


Processing FooController#bar (for 127.0.0.1 at 2010-01-19 18:02:21) [GET]
Rendering template within layouts/application
Rendering foo/bar
Completed in 8ms (View: 7, DB: 0) | 200 OK [http://localhost/foo/bar]


Processing FooController#bar (for 127.0.0.1 at 2010-01-19 18:02:21) [GET]
Rendering template within layouts/application
Rendering foo/bar
Completed in 8ms (View: 7, DB: 0) | 200 OK [http://localhost/foo/bar]


Processing FooController#bar (for 127.0.0.1 at 2010-01-19 18:02:21) [GET]
Rendering template within layouts/application
Rendering foo/bar
Completed in 10ms (View: 9, DB: 0) | 200 OK [http://localhost/foo/bar]


Processing FooController#bar (for 127.0.0.1 at 2010-01-19 18:02:43) [GET]
Rendering template within layouts/application
Rendering foo/bar
Completed in 21ms (View: 20, DB: 0) | 200 OK [http://localhost/foo/bar]


Processing FooController#bar (for 127.0.0.1 at 2010-01-19 18:02:44) [GET]
Rendering template within layouts/application
Rendering foo/bar
Completed in 9ms (View: 8, DB: 0) | 200 OK [http://localhost/foo/bar]


Processing FooController#bar (for 127.0.0.1 at 2010-01-19 18:02:44) [GET]
Rendering template within layouts/application
Rendering foo/bar
Completed in 10ms (View: 9, DB: 0) | 200 OK [http://localhost/foo/bar]


Processing FooController#bar (for 127.0.0.1 at 2010-01-19 18:02:45) [GET]
Rendering template within layouts/application
Rendering foo/bar
Completed in 9ms (View: 7, DB: 0) | 200 OK [http://localhost/foo/bar]


Processing FooController#bar (for 127.0.0.1 at 2010-01-19 18:02:45) [GET]
Rendering template within layouts/application
Rendering foo/bar
Completed in 10ms (View: 9, DB: 0) | 200 OK [http://localhost/foo/bar]


Processing FooController#bar (for 127.0.0.1 at 2010-01-19 18:02:45) [GET]
Rendering template within layouts/application
Rendering foo/bar
Completed in 8ms (View: 7, DB: 0) | 200 OK [http://localhost/foo/bar]


Processing FooController#bar (for 127.0.0.1 at 2010-01-19 18:02:45) [GET]
Rendering template within layouts/application
Rendering foo/bar
Completed in 8ms (View: 7, DB: 0) | 200 OK [http://localhost/foo/bar]


Processing FooController#bar (for 127.0.0.1 at 2010-01-19 18:02:46) [GET]
Rendering template within layouts/application
Rendering foo/bar
Completed in 8ms (View: 7, DB: 0) | 200 OK [http://localhost/foo/bar]


Processing FooController#bar (for 127.0.0.1 at 2010-01-19 18:02:46) [GET]
Rendering template within layouts/application
Rendering foo/bar
Completed in 9ms (View: 8, DB: 0) | 200 OK [http://localhost/foo/bar]


Processing FooController#bar (for 127.0.0.1 at 2010-01-19 18:02:46) [GET]
Rendering template within layouts/application
Rendering foo/bar
Completed in 9ms (View: 8, DB: 0) | 200 OK [http://localhost/foo/bar]


Processing FooController#bar (for 127.0.0.1 at 2010-01-19 18:02:46) [GET]
Rendering template within layouts/application
Rendering foo/bar
Completed in 9ms (View: 8, DB: 0) | 200 OK [http://localhost/foo/bar]


Processing FooController#bar (for 127.0.0.1 at 2010-01-19 18:02:46) [GET]
Rendering template within layouts/application
Rendering foo/bar
Completed in 10ms (View: 9, DB: 0) | 200 OK [http://localhost/foo/bar]


Processing FooController#bar (for 127.0.0.1 at 2010-01-19 18:02:46) [GET]
Rendering template within layouts/application
Rendering foo/bar
Completed in 10ms (View: 8, DB: 0) | 200 OK [http://localhost/foo/bar]


Processing FooController#bar (for 127.0.0.1 at 2010-01-19 18:03:00) [GET]
Rendering template within layouts/application
Rendering foo/bar
Completed in 21ms (View: 20, DB: 0) | 200 OK [http://localhost/foo/bar]


Processing FooController#bar (for 127.0.0.1 at 2010-01-19 18:03:00) [GET]
Rendering template within layouts/application
Rendering foo/bar
Completed in 9ms (View: 8, DB: 0) | 200 OK [http://localhost/foo/bar]


Processing FooController#bar (for 127.0.0.1 at 2010-01-19 21:42:19) [GET]
Rendering template within layouts/application
Rendering foo/bar
Completed in 21ms (View: 20, DB: 0) | 200 OK [http://localhost/foo/bar]


Processing FooController#bar (for 127.0.0.1 at 2010-01-19 21:42:19) [GET]
Rendering template within layouts/application
Rendering foo/bar
Completed in 9ms (View: 8, DB: 0) | 200 OK [http://localhost/foo/bar]


Processing FooController#bar (for 127.0.0.1 at 2010-01-19 21:42:20) [GET]
Rendering template within layouts/application
Rendering foo/bar
Completed in 10ms (View: 9, DB: 0) | 200 OK [http://localhost/foo/bar]


Processing FooController#bar (for 127.0.0.1 at 2010-01-19 21:42:20) [GET]
Rendering template within layouts/application
Rendering foo/bar
Completed in 8ms (View: 7, DB: 0) | 200 OK [http://localhost/foo/bar]


Processing FooController#bar (for 127.0.0.1 at 2010-01-19 21:42:21) [GET]
Rendering template within layouts/application
Rendering foo/bar
Completed in 8ms (View: 7, DB: 0) | 200 OK [http://localhost/foo/bar]


Processing FooController#bar (for 127.0.0.1 at 2010-01-19 21:42:22) [GET]
Rendering template within layouts/application
Rendering foo/bar
Completed in 8ms (View: 7, DB: 0) | 200 OK [http://localhost/foo/bar]


Processing FooController#bar (for 127.0.0.1 at 2010-01-19 21:42:22) [GET]
Rendering template within layouts/application
Rendering foo/bar
Completed in 9ms (View: 7, DB: 0) | 200 OK [http://localhost/foo/bar]


Processing FooController#bar (for 127.0.0.1 at 2010-01-19 21:42:23) [GET]
Rendering template within layouts/application
Rendering foo/bar
Completed in 8ms (View: 7, DB: 0) | 200 OK [http://localhost/foo/bar]


Processing FooController#bar (for 127.0.0.1 at 2010-01-19 21:42:24) [GET]
Rendering template within layouts/application
Rendering foo/bar
Completed in 9ms (View: 8, DB: 0) | 200 OK [http://localhost/foo/bar]


Processing FooController#bar (for 127.0.0.1 at 2010-01-19 21:42:25) [GET]
Rendering template within layouts/application
Rendering foo/bar
Completed in 9ms (View: 8, DB: 0) | 200 OK [http://localhost/foo/bar]


Processing FooController#bar (for 127.0.0.1 at 2010-01-19 21:42:26) [GET]
Rendering template within layouts/application
Rendering foo/bar
Completed in 9ms (View: 7, DB: 0) | 200 OK [http://localhost/foo/bar]


Processing FooController#bar (for 127.0.0.1 at 2010-01-19 21:42:26) [GET]
Rendering template within layouts/application
Rendering foo/bar
Completed in 9ms (View: 8, DB: 0) | 200 OK [http://localhost/foo/bar]


Processing FooController#bar (for 127.0.0.1 at 2010-01-19 21:42:27) [GET]
Rendering template within layouts/application
Rendering foo/bar
Completed in 9ms (View: 8, DB: 0) | 200 OK [http://localhost/foo/bar]


Processing FooController#bar (for 127.0.0.1 at 2010-01-19 21:42:33) [GET]
Rendering template within layouts/application
Rendering foo/bar
Completed in 9ms (View: 8, DB: 0) | 200 OK [http://localhost/foo/bar]


Processing FooController#bar (for 127.0.0.1 at 2010-01-19 21:42:33) [GET]
Rendering template within layouts/application
Rendering foo/bar
Completed in 8ms (View: 7, DB: 0) | 200 OK [http://localhost/foo/bar]


Processing FooController#bar (for 127.0.0.1 at 2010-01-19 21:42:34) [GET]
Rendering template within layouts/application
Rendering foo/bar
Completed in 8ms (View: 7, DB: 0) | 200 OK [http://localhost/foo/bar]


Processing FooController#index (for 127.0.0.1 at 2010-01-20 13:43:23) [GET]

ActionController::UnknownAction (No action responded to index. Actions: bar and get_theme):
  

Rendering rescues/layout (not_found)


Processing FooController#bar (for 127.0.0.1 at 2010-01-20 13:43:26) [GET]
Rendering template within layouts/application
Rendering foo/bar
Completed in 70ms (View: 66, DB: 0) | 200 OK [http://localhost/foo/bar]


Processing FooController#bar (for 127.0.0.1 at 2010-01-20 13:43:27) [GET]
Rendering template within layouts/application
Rendering foo/bar
Completed in 19ms (View: 17, DB: 0) | 200 OK [http://localhost/foo/bar]


Processing FooController#bar (for 127.0.0.1 at 2010-01-20 13:43:27) [GET]
Rendering template within layouts/application
Rendering foo/bar
Completed in 25ms (View: 22, DB: 0) | 200 OK [http://localhost/foo/bar]


Processing FooController#bar (for 127.0.0.1 at 2010-01-20 13:43:28) [GET]
Rendering template within layouts/application
Rendering foo/bar
Completed in 15ms (View: 12, DB: 0) | 200 OK [http://localhost/foo/bar]


Processing FooController#bar (for 127.0.0.1 at 2010-01-20 13:47:12) [GET]
Rendering template within layouts/application
Rendering foo/bar
Completed in 20ms (View: 18, DB: 0) | 200 OK [http://localhost/foo/bar]


Processing FooController#bar (for 127.0.0.1 at 2010-01-20 13:47:13) [GET]
Rendering template within layouts/application
Rendering foo/bar
Completed in 29ms (View: 26, DB: 0) | 200 OK [http://localhost/foo/bar]


Processing FooController#bar (for 127.0.0.1 at 2010-01-20 13:47:13) [GET]
Rendering template within layouts/application
Rendering foo/bar
Completed in 3ms (View: 1, DB: 0) | 200 OK [http://localhost/foo/bar]


Processing FooController#bar (for 127.0.0.1 at 2010-01-20 13:47:14) [GET]
Rendering template within layouts/application
Rendering foo/bar
Completed in 7ms (View: 2, DB: 0) | 200 OK [http://localhost/foo/bar]


Processing FooController#bar (for 127.0.0.1 at 2010-01-20 13:47:15) [GET]
Rendering template within layouts/application
Rendering foo/bar
Completed in 11ms (View: 9, DB: 0) | 200 OK [http://localhost/foo/bar]


Processing FooController#bar (for 127.0.0.1 at 2010-01-20 13:47:15) [GET]
Rendering template within layouts/application
Rendering foo/bar
Completed in 15ms (View: 12, DB: 0) | 200 OK [http://localhost/foo/bar]


Processing FooController#bar (for 127.0.0.1 at 2010-01-20 13:47:16) [GET]
Rendering template within layouts/application
Rendering foo/bar
Completed in 12ms (View: 10, DB: 0) | 200 OK [http://localhost/foo/bar]


Processing FooController#bar (for 127.0.0.1 at 2010-01-20 13:47:17) [GET]
Rendering template within layouts/application
Rendering foo/bar
Completed in 5ms (View: 2, DB: 0) | 200 OK [http://localhost/foo/bar]


Processing FooController#bar (for 127.0.0.1 at 2010-01-20 13:54:48) [GET]
Rendering template within layouts/application
Rendering foo/bar
Completed in 9ms (View: 7, DB: 0) | 200 OK [http://localhost/foo/bar]


Processing FooController#bar (for 127.0.0.1 at 2010-01-20 13:54:49) [GET]
Rendering template within layouts/application
Rendering foo/bar
Completed in 3ms (View: 2, DB: 0) | 200 OK [http://localhost/foo/bar]


Processing FooController#bar (for 127.0.0.1 at 2010-01-20 13:54:50) [GET]
Rendering template within layouts/application
Rendering foo/bar
Completed in 13ms (View: 11, DB: 0) | 200 OK [http://localhost/foo/bar]


Processing FooController#bar (for 127.0.0.1 at 2010-01-20 13:54:50) [GET]
Rendering template within layouts/application
Rendering foo/bar
Completed in 6ms (View: 3, DB: 0) | 200 OK [http://localhost/foo/bar]


Processing FooController#bar (for 127.0.0.1 at 2010-01-20 13:54:50) [GET]
Rendering template within layouts/application
Rendering foo/bar
Completed in 6ms (View: 3, DB: 0) | 200 OK [http://localhost/foo/bar]


Processing FooController#bar (for 127.0.0.1 at 2010-01-20 13:54:51) [GET]
Rendering template within layouts/application
Rendering foo/bar
Completed in 28ms (View: 26, DB: 0) | 200 OK [http://localhost/foo/bar]


Processing FooController#bar (for 127.0.0.1 at 2010-01-20 13:54:52) [GET]
Rendering template within layouts/application
Rendering foo/bar
Completed in 16ms (View: 14, DB: 0) | 200 OK [http://localhost/foo/bar]


Processing FooController#bar (for 127.0.0.1 at 2010-01-20 13:54:52) [GET]
Rendering template within layouts/application
Rendering foo/bar
Completed in 3ms (View: 2, DB: 0) | 200 OK [http://localhost/foo/bar]


Processing FooController#bar (for 127.0.0.1 at 2010-01-20 13:54:53) [GET]
Rendering template within layouts/application
Rendering foo/bar
Completed in 18ms (View: 13, DB: 0) | 200 OK [http://localhost/foo/bar]


Processing FooController#bar (for 127.0.0.1 at 2010-01-20 13:55:11) [GET]
Rendering template within layouts/application
Rendering foo/bar
Completed in 3ms (View: 2, DB: 0) | 200 OK [http://localhost/foo/bar]


Processing FooController#bar (for 127.0.0.1 at 2010-01-20 13:55:12) [GET]
Rendering template within layouts/application
Rendering foo/bar
Completed in 4ms (View: 2, DB: 0) | 200 OK [http://localhost/foo/bar]


Processing FooController#bar (for 127.0.0.1 at 2010-01-20 13:55:12) [GET]
Rendering template within layouts/application
Rendering foo/bar
Completed in 7ms (View: 4, DB: 0) | 200 OK [http://localhost/foo/bar]


Processing FooController#bar (for 127.0.0.1 at 2010-01-20 13:55:12) [GET]
Rendering template within layouts/application
Rendering foo/bar
Completed in 10ms (View: 7, DB: 0) | 200 OK [http://localhost/foo/bar]


Processing FooController#bar (for 127.0.0.1 at 2010-01-20 13:55:13) [GET]
Rendering template within layouts/application
Rendering foo/bar
Completed in 7ms (View: 5, DB: 0) | 200 OK [http://localhost/foo/bar]


Processing FooController#bar (for 127.0.0.1 at 2010-01-20 13:55:13) [GET]
Rendering template within layouts/application
Rendering foo/bar
Completed in 3ms (View: 2, DB: 0) | 200 OK [http://localhost/foo/bar]


Processing FooController#bar (for 127.0.0.1 at 2010-01-20 13:55:14) [GET]
Rendering template within layouts/application
Rendering foo/bar
Completed in 3ms (View: 2, DB: 0) | 200 OK [http://localhost/foo/bar]


Processing FooController#bar (for 127.0.0.1 at 2010-01-20 13:55:15) [GET]
Rendering template within layouts/application
Rendering foo/bar
Completed in 5ms (View: 2, DB: 0) | 200 OK [http://localhost/foo/bar]


Processing FooController#bar (for 127.0.0.1 at 2010-01-20 13:55:15) [GET]
Rendering template within layouts/application
Rendering foo/bar
Completed in 4ms (View: 2, DB: 0) | 200 OK [http://localhost/foo/bar]


Processing FooController#bar (for 127.0.0.1 at 2010-01-20 13:55:16) [GET]
Rendering template within layouts/application
Rendering foo/bar
Completed in 4ms (View: 2, DB: 0) | 200 OK [http://localhost/foo/bar]


Processing FooController#bar (for 127.0.0.1 at 2010-01-20 13:55:16) [GET]
Rendering template within layouts/application
Rendering foo/bar
Completed in 3ms (View: 2, DB: 0) | 200 OK [http://localhost/foo/bar]


Processing FooController#bar (for 127.0.0.1 at 2010-01-20 13:55:17) [GET]
Rendering template within layouts/application
Rendering foo/bar
Completed in 6ms (View: 2, DB: 0) | 200 OK [http://localhost/foo/bar]


Processing FooController#bar (for 127.0.0.1 at 2010-01-20 13:55:18) [GET]
Rendering template within layouts/application
Rendering foo/bar
Completed in 4ms (View: 2, DB: 0) | 200 OK [http://localhost/foo/bar]


Processing FooController#bar (for 127.0.0.1 at 2010-01-20 13:55:19) [GET]
Rendering template within layouts/application
Rendering foo/bar
Completed in 4ms (View: 2, DB: 0) | 200 OK [http://localhost/foo/bar]


Processing FooController#bar (for 127.0.0.1 at 2010-01-20 13:55:19) [GET]
Rendering template within layouts/application
Rendering foo/bar
Completed in 3ms (View: 2, DB: 0) | 200 OK [http://localhost/foo/bar]


Processing FooController#bar (for 127.0.0.1 at 2010-01-20 13:55:20) [GET]
Rendering template within layouts/application
Rendering foo/bar
Completed in 7ms (View: 4, DB: 0) | 200 OK [http://localhost/foo/bar]


Processing FooController#bar (for 127.0.0.1 at 2010-01-20 13:55:21) [GET]
Rendering template within layouts/application
Rendering foo/bar
Completed in 4ms (View: 2, DB: 0) | 200 OK [http://localhost/foo/bar]


Processing FooController#bar (for 127.0.0.1 at 2010-01-20 13:57:25) [GET]
Rendering template within layouts/application
Rendering foo/bar
Completed in 4ms (View: 2, DB: 0) | 200 OK [http://localhost/foo/bar]


Processing FooController#bar (for 127.0.0.1 at 2010-01-20 13:57:25) [GET]
Rendering template within layouts/application
Rendering foo/bar
Completed in 99ms (View: 97, DB: 0) | 200 OK [http://localhost/foo/bar]


Processing FooController#bar (for 127.0.0.1 at 2010-01-20 13:57:26) [GET]
Rendering template within layouts/application
Rendering foo/bar
Completed in 4ms (View: 2, DB: 0) | 200 OK [http://localhost/foo/bar]


Processing FooController#bar (for 127.0.0.1 at 2010-01-20 13:57:27) [GET]
Rendering template within layouts/application
Rendering foo/bar
Completed in 7ms (View: 2, DB: 0) | 200 OK [http://localhost/foo/bar]


Processing FooController#bar (for 127.0.0.1 at 2010-01-20 13:57:28) [GET]
Rendering template within layouts/application
Rendering foo/bar
Completed in 3ms (View: 2, DB: 0) | 200 OK [http://localhost/foo/bar]


Processing FooController#bar (for 127.0.0.1 at 2010-01-20 13:57:35) [GET]
Rendering template within layouts/application
Rendering foo/bar
Completed in 32ms (View: 30, DB: 0) | 200 OK [http://localhost/foo/bar]


Processing FooController#bar (for 127.0.0.1 at 2010-01-20 13:57:36) [GET]
Rendering template within layouts/application
Rendering foo/bar
Completed in 7ms (View: 2, DB: 0) | 200 OK [http://localhost/foo/bar]


Processing FooController#bar (for 127.0.0.1 at 2010-01-20 13:57:37) [GET]
Rendering template within layouts/application
Rendering foo/bar
Completed in 4ms (View: 3, DB: 0) | 200 OK [http://localhost/foo/bar]


Processing FooController#bar (for 127.0.0.1 at 2010-01-20 13:57:38) [GET]
Rendering template within layouts/application
Rendering foo/bar
Completed in 6ms (View: 3, DB: 0) | 200 OK [http://localhost/foo/bar]


Processing FooController#bar (for 127.0.0.1 at 2010-01-20 13:57:38) [GET]
Rendering template within layouts/application
Rendering foo/bar
Completed in 7ms (View: 3, DB: 0) | 200 OK [http://localhost/foo/bar]


Processing FooController#bar (for 127.0.0.1 at 2010-01-20 13:57:39) [GET]
Rendering template within layouts/application
Rendering foo/bar
Completed in 9ms (View: 7, DB: 0) | 200 OK [http://localhost/foo/bar]


Processing FooController#bar (for 127.0.0.1 at 2010-01-20 13:57:39) [GET]
Rendering template within layouts/application
Rendering foo/bar
Completed in 4ms (View: 2, DB: 0) | 200 OK [http://localhost/foo/bar]


Processing FooController#bar (for 127.0.0.1 at 2010-01-20 13:57:40) [GET]
Rendering template within layouts/application
Rendering foo/bar
Completed in 4ms (View: 2, DB: 0) | 200 OK [http://localhost/foo/bar]


Processing FooController#bar (for 127.0.0.1 at 2010-01-20 13:57:40) [GET]
Rendering template within layouts/application
Rendering foo/bar
Completed in 4ms (View: 2, DB: 0) | 200 OK [http://localhost/foo/bar]


Processing FooController#bar (for 127.0.0.1 at 2010-01-20 13:57:41) [GET]
Rendering template within layouts/application
Rendering foo/bar
Completed in 6ms (View: 2, DB: 0) | 200 OK [http://localhost/foo/bar]


Processing FooController#bar (for 127.0.0.1 at 2010-01-20 13:57:41) [GET]
Rendering template within layouts/application
Rendering foo/bar
Completed in 4ms (View: 2, DB: 0) | 200 OK [http://localhost/foo/bar]


Processing FooController#bar (for 127.0.0.1 at 2010-01-20 13:57:42) [GET]
Rendering template within layouts/application
Rendering foo/bar
Completed in 8ms (View: 3, DB: 0) | 200 OK [http://localhost/foo/bar]


Processing FooController#bar (for 127.0.0.1 at 2010-01-20 14:00:28) [GET]
Rendering template within layouts/application
Rendering foo/bar
Completed in 32ms (View: 31, DB: 0) | 200 OK [http://localhost/foo/bar]


Processing FooController#bar (for 127.0.0.1 at 2010-01-20 14:00:28) [GET]
Rendering template within layouts/application
Rendering foo/bar
Completed in 4ms (View: 2, DB: 0) | 200 OK [http://localhost/foo/bar]


Processing FooController#bar (for 127.0.0.1 at 2010-01-20 14:00:29) [GET]
Rendering template within layouts/application
Rendering foo/bar
Completed in 3ms (View: 2, DB: 0) | 200 OK [http://localhost/foo/bar]


Processing FooController#bar (for 127.0.0.1 at 2010-01-20 14:00:30) [GET]
Rendering template within layouts/application
Rendering foo/bar
Completed in 6ms (View: 3, DB: 0) | 200 OK [http://localhost/foo/bar]


Processing FooController#bar (for 127.0.0.1 at 2010-01-20 14:00:31) [GET]
Rendering template within layouts/application
Rendering foo/bar
Completed in 4ms (View: 2, DB: 0) | 200 OK [http://localhost/foo/bar]


Processing FooController#bar (for 127.0.0.1 at 2010-01-20 14:00:31) [GET]
Rendering template within layouts/application
Rendering foo/bar
Completed in 4ms (View: 2, DB: 0) | 200 OK [http://localhost/foo/bar]


Processing FooController#bar (for 127.0.0.1 at 2010-01-20 14:00:36) [GET]
Rendering template within layouts/application
Rendering foo/bar
Completed in 4ms (View: 2, DB: 0) | 200 OK [http://localhost/foo/bar]


Processing FooController#bar (for 127.0.0.1 at 2010-01-20 14:00:37) [GET]
Rendering template within layouts/application
Rendering foo/bar
Completed in 5ms (View: 3, DB: 0) | 200 OK [http://localhost/foo/bar]


Processing FooController#bar (for 127.0.0.1 at 2010-01-20 14:00:37) [GET]
Rendering template within layouts/application
Rendering foo/bar
Completed in 3ms (View: 2, DB: 0) | 200 OK [http://localhost/foo/bar]


Processing FooController#bar (for 127.0.0.1 at 2010-01-20 14:00:38) [GET]
Rendering template within layouts/application
Rendering foo/bar
Completed in 6ms (View: 2, DB: 0) | 200 OK [http://localhost/foo/bar]


Processing FooController#bar (for 127.0.0.1 at 2010-01-20 14:00:38) [GET]
Rendering template within layouts/application
Rendering foo/bar
Completed in 4ms (View: 2, DB: 0) | 200 OK [http://localhost/foo/bar]


Processing FooController#bar (for 127.0.0.1 at 2010-01-20 14:00:39) [GET]
Rendering template within layouts/application
Rendering foo/bar
Completed in 5ms (View: 3, DB: 0) | 200 OK [http://localhost/foo/bar]


Processing FooController#bar (for 127.0.0.1 at 2010-01-20 14:00:40) [GET]
Rendering template within layouts/application
Rendering foo/bar
Completed in 4ms (View: 2, DB: 0) | 200 OK [http://localhost/foo/bar]


Processing FooController#bar (for 127.0.0.1 at 2010-01-20 14:00:41) [GET]
Rendering template within layouts/application
Rendering foo/bar
Completed in 3ms (View: 2, DB: 0) | 200 OK [http://localhost/foo/bar]


Processing FooController#bar (for 127.0.0.1 at 2010-01-20 14:00:48) [GET]
Rendering template within layouts/application
Rendering foo/bar
Completed in 7ms (View: 4, DB: 0) | 200 OK [http://localhost/foo/bar]
